<?xml version="1.0" encoding="UTF-8"?>
<testng-results skipped="0" failed="0" total="1" passed="1">
  <reporter-output>
  </reporter-output>
  <suite name="Default suite" duration-ms="22501" started-at="2019-08-07T00:56:32Z" finished-at="2019-08-07T00:56:54Z">
    <groups>
    </groups>
    <test name="Default test" duration-ms="22501" started-at="2019-08-07T00:56:32Z" finished-at="2019-08-07T00:56:54Z">
      <class name="org.securepay.TestRunner">
        <test-method status="PASS" signature="initAll()[pri:0, instance:org.securepay.TestRunner@7c16905e]" name="initAll" is-config="true" duration-ms="122" started-at="2019-08-07T10:56:32Z" finished-at="2019-08-07T10:56:32Z">
          <reporter-output>
          </reporter-output>
        </test-method> <!-- initAll -->
        <test-method status="PASS" signature="test1()[pri:0, instance:org.securepay.TestRunner@7c16905e]" name="test1" duration-ms="21527" started-at="2019-08-07T10:56:32Z" finished-at="2019-08-07T10:56:53Z">
          <reporter-output>
          </reporter-output>
        </test-method> <!-- test1 -->
        <test-method status="PASS" signature="getResult(org.testng.ITestResult)[pri:0, instance:org.securepay.TestRunner@7c16905e]" name="getResult" is-config="true" duration-ms="540" started-at="2019-08-07T10:56:53Z" finished-at="2019-08-07T10:56:54Z">
          <params>
            <param index="0">
              <value>
                <![CDATA[[TestResult name=test1 status=SUCCESS method=TestRunner.test1()[pri:0, instance:org.securepay.TestRunner@7c16905e] output={null}]]]>
              </value>
            </param>
          </params>
          <reporter-output>
          </reporter-output>
        </test-method> <!-- getResult -->
        <test-method status="PASS" signature="flushAll()[pri:0, instance:org.securepay.TestRunner@7c16905e]" name="flushAll" is-config="true" duration-ms="299" started-at="2019-08-07T10:56:54Z" finished-at="2019-08-07T10:56:54Z">
          <reporter-output>
          </reporter-output>
        </test-method> <!-- flushAll -->
      </class> <!-- org.securepay.TestRunner -->
    </test> <!-- Default test -->
  </suite> <!-- Default suite -->
</testng-results>
